[2025-04-17T17:40:34.106+0000] {local_task_job_runner.py:123} INFO - ::group::Pre task execution logs
[2025-04-17T17:40:34.121+0000] {taskinstance.py:2612} INFO - Dependencies all met for dep_context=non-requeueable deps ti=<TaskInstance: hw8_run_pinecone_search.search_data_science manual__2025-04-17T17:40:33.224613+00:00 [queued]>
[2025-04-17T17:40:34.129+0000] {taskinstance.py:2612} INFO - Dependencies all met for dep_context=requeueable deps ti=<TaskInstance: hw8_run_pinecone_search.search_data_science manual__2025-04-17T17:40:33.224613+00:00 [queued]>
[2025-04-17T17:40:34.130+0000] {taskinstance.py:2865} INFO - Starting attempt 1 of 2
[2025-04-17T17:40:34.144+0000] {taskinstance.py:2888} INFO - Executing <Task(PythonOperator): search_data_science> on 2025-04-17 17:40:33.224613+00:00
[2025-04-17T17:40:34.155+0000] {logging_mixin.py:190} WARNING - /home/***/.local/lib/python3.12/site-packages/***/task/task_runner/standard_task_runner.py:70 DeprecationWarning: This process (pid=2505) is multi-threaded, use of fork() may lead to deadlocks in the child.
[2025-04-17T17:40:34.152+0000] {standard_task_runner.py:104} INFO - Running: ['***', 'tasks', 'run', 'hw8_run_pinecone_search', 'search_data_science', 'manual__2025-04-17T17:40:33.224613+00:00', '--job-id', '15', '--raw', '--subdir', 'DAGS_FOLDER/hw8_4_run_search.py', '--cfg-path', '/tmp/tmpcjzj89t8']
[2025-04-17T17:40:34.156+0000] {standard_task_runner.py:72} INFO - Started process 2508 to run task
[2025-04-17T17:40:34.157+0000] {standard_task_runner.py:105} INFO - Job 15: Subtask search_data_science
[2025-04-17T17:40:34.281+0000] {task_command.py:467} INFO - Running <TaskInstance: hw8_run_pinecone_search.search_data_science manual__2025-04-17T17:40:33.224613+00:00 [running]> on host 50576508c375
[2025-04-17T17:40:34.389+0000] {taskinstance.py:3131} INFO - Exporting env vars: AIRFLOW_CTX_DAG_OWNER='***' AIRFLOW_CTX_DAG_ID='hw8_run_pinecone_search' AIRFLOW_CTX_TASK_ID='search_data_science' AIRFLOW_CTX_EXECUTION_DATE='2025-04-17T17:40:33.224613+00:00' AIRFLOW_CTX_TRY_NUMBER='1' AIRFLOW_CTX_DAG_RUN_ID='manual__2025-04-17T17:40:33.224613+00:00'
[2025-04-17T17:40:34.391+0000] {taskinstance.py:731} INFO - ::endgroup::
[2025-04-17T17:40:34.527+0000] {logging_mixin.py:190} INFO - Successfully imported pinecone package with new API
[2025-04-17T17:40:38.875+0000] {logging_mixin.py:190} INFO - Initializing Pinecone...
[2025-04-17T17:40:41.759+0000] {logging_mixin.py:190} INFO - Available indexes: [{
    "name": "sample-movies",
    "metric": "cosine",
    "host": "sample-movies-pd3ep9i.svc.aped-4627-b74a.pinecone.io",
    "spec": {
        "serverless": {
            "cloud": "aws",
            "region": "us-east-1"
        }
    },
    "status": {
        "ready": true,
        "state": "Ready"
    },
    "vector_type": "dense",
    "dimension": 1024,
    "deletion_protection": "disabled",
    "tags": null
}, {
    "name": "medium-articles-index",
    "metric": "cosine",
    "host": "medium-articles-index-pd3ep9i.svc.aped-4627-b74a.pinecone.io",
    "spec": {
        "serverless": {
            "cloud": "aws",
            "region": "us-east-1"
        }
    },
    "status": {
        "ready": true,
        "state": "Ready"
    },
    "vector_type": "dense",
    "dimension": 384,
    "deletion_protection": "disabled",
    "tags": null
}]
[2025-04-17T17:40:41.761+0000] {logging_mixin.py:190} INFO - Connecting to index: medium-articles-index
[2025-04-17T17:40:42.115+0000] {logging_mixin.py:190} INFO - Loading the sentence transformer model...
[2025-04-17T17:40:42.117+0000] {SentenceTransformer.py:211} INFO - Use pytorch device_name: cpu
[2025-04-17T17:40:42.118+0000] {SentenceTransformer.py:219} INFO - Load pretrained SentenceTransformer: all-MiniLM-L6-v2
[2025-04-17T17:40:45.645+0000] {logging_mixin.py:190} INFO - Generating embedding for query: 'data science and machine learning'
[2025-04-17T17:40:45.649+0000] {logging_mixin.py:190} WARNING - Batches:   0%|          | 0/1 [00:00<?, ?it/s]
[2025-04-17T17:40:45.676+0000] {logging_mixin.py:190} WARNING - Batches: 100%|##########| 1/1 [00:00<00:00, 37.97it/s]
[2025-04-17T17:40:45.677+0000] {logging_mixin.py:190} INFO - Searching Pinecone for: 'data science and machine learning'
[2025-04-17T17:40:46.757+0000] {logging_mixin.py:190} INFO - 
Search Results for 'data science and machine learning':
[2025-04-17T17:40:46.758+0000] {logging_mixin.py:190} INFO - ==================================================
[2025-04-17T17:40:46.758+0000] {logging_mixin.py:190} INFO - No results found.
[2025-04-17T17:40:46.786+0000] {python.py:240} INFO - Done. Returned value was: Completed search for 'data science and machine learning'
[2025-04-17T17:40:46.813+0000] {taskinstance.py:340} INFO - ::group::Post task execution logs
[2025-04-17T17:40:46.814+0000] {taskinstance.py:352} INFO - Marking task as SUCCESS. dag_id=hw8_run_pinecone_search, task_id=search_data_science, run_id=manual__2025-04-17T17:40:33.224613+00:00, execution_date=20250417T174033, start_date=20250417T174034, end_date=20250417T174046
[2025-04-17T17:40:46.879+0000] {local_task_job_runner.py:266} INFO - Task exited with return code 0
[2025-04-17T17:40:46.904+0000] {taskinstance.py:3900} INFO - 0 downstream tasks scheduled from follow-on schedule check
[2025-04-17T17:40:46.905+0000] {local_task_job_runner.py:245} INFO - ::endgroup::
