[2025-04-17T17:38:39.469+0000] {local_task_job_runner.py:123} INFO - ::group::Pre task execution logs
[2025-04-17T17:38:39.478+0000] {taskinstance.py:2612} INFO - Dependencies all met for dep_context=non-requeueable deps ti=<TaskInstance: hw8_create_pinecone_index.create_pinecone_index manual__2025-04-17T17:33:30.686672+00:00 [queued]>
[2025-04-17T17:38:39.482+0000] {taskinstance.py:2612} INFO - Dependencies all met for dep_context=requeueable deps ti=<TaskInstance: hw8_create_pinecone_index.create_pinecone_index manual__2025-04-17T17:33:30.686672+00:00 [queued]>
[2025-04-17T17:38:39.482+0000] {taskinstance.py:2865} INFO - Starting attempt 2 of 2
[2025-04-17T17:38:39.488+0000] {taskinstance.py:2888} INFO - Executing <Task(PythonOperator): create_pinecone_index> on 2025-04-17 17:33:30.686672+00:00
[2025-04-17T17:38:39.494+0000] {standard_task_runner.py:104} INFO - Running: ['***', 'tasks', 'run', 'hw8_create_pinecone_index', 'create_pinecone_index', 'manual__2025-04-17T17:33:30.686672+00:00', '--job-id', '12', '--raw', '--subdir', 'DAGS_FOLDER/hw8_2_create_pinecone_index.py', '--cfg-path', '/tmp/tmp_bgp8_x7']
[2025-04-17T17:38:39.496+0000] {standard_task_runner.py:105} INFO - Job 12: Subtask create_pinecone_index
[2025-04-17T17:38:39.496+0000] {logging_mixin.py:190} WARNING - /home/***/.local/lib/python3.12/site-packages/***/task/task_runner/standard_task_runner.py:70 DeprecationWarning: This process (pid=2362) is multi-threaded, use of fork() may lead to deadlocks in the child.
[2025-04-17T17:38:39.498+0000] {standard_task_runner.py:72} INFO - Started process 2363 to run task
[2025-04-17T17:38:39.529+0000] {task_command.py:467} INFO - Running <TaskInstance: hw8_create_pinecone_index.create_pinecone_index manual__2025-04-17T17:33:30.686672+00:00 [running]> on host 50576508c375
[2025-04-17T17:38:39.577+0000] {taskinstance.py:3131} INFO - Exporting env vars: AIRFLOW_CTX_DAG_OWNER='***' AIRFLOW_CTX_DAG_ID='hw8_create_pinecone_index' AIRFLOW_CTX_TASK_ID='create_pinecone_index' AIRFLOW_CTX_EXECUTION_DATE='2025-04-17T17:33:30.686672+00:00' AIRFLOW_CTX_TRY_NUMBER='2' AIRFLOW_CTX_DAG_RUN_ID='manual__2025-04-17T17:33:30.686672+00:00'
[2025-04-17T17:38:39.577+0000] {taskinstance.py:731} INFO - ::endgroup::
[2025-04-17T17:38:39.664+0000] {logging_mixin.py:190} INFO - Successfully imported pinecone package with new API
[2025-04-17T17:38:39.671+0000] {logging_mixin.py:190} INFO - Successfully retrieved API key from Airflow Variable
[2025-04-17T17:38:39.671+0000] {logging_mixin.py:190} INFO - API key format check: pcsk_...h3erC
[2025-04-17T17:38:39.671+0000] {logging_mixin.py:190} INFO - Initializing Pinecone with API key
[2025-04-17T17:38:40.808+0000] {logging_mixin.py:190} INFO - Existing indexes: [{
    "name": "sample-movies",
    "metric": "cosine",
    "host": "sample-movies-pd3ep9i.svc.aped-4627-b74a.pinecone.io",
    "spec": {
        "serverless": {
            "cloud": "aws",
            "region": "us-east-1"
        }
    },
    "status": {
        "ready": true,
        "state": "Ready"
    },
    "vector_type": "dense",
    "dimension": 1024,
    "deletion_protection": "disabled",
    "tags": null
}, {
    "name": "medium-articles-index",
    "metric": "cosine",
    "host": "medium-articles-index-pd3ep9i.svc.aped-4627-b74a.pinecone.io",
    "spec": {
        "serverless": {
            "cloud": "aws",
            "region": "us-east-1"
        }
    },
    "status": {
        "ready": true,
        "state": "Ready"
    },
    "vector_type": "dense",
    "dimension": 384,
    "deletion_protection": "disabled",
    "tags": null
}]
[2025-04-17T17:38:40.809+0000] {logging_mixin.py:190} INFO - Index 'medium-articles-index' already exists. Skipping creation.
[2025-04-17T17:38:40.814+0000] {python.py:240} INFO - Done. Returned value was: medium-articles-index
[2025-04-17T17:38:40.852+0000] {taskinstance.py:340} INFO - ::group::Post task execution logs
[2025-04-17T17:38:40.852+0000] {taskinstance.py:352} INFO - Marking task as SUCCESS. dag_id=hw8_create_pinecone_index, task_id=create_pinecone_index, run_id=manual__2025-04-17T17:33:30.686672+00:00, execution_date=20250417T173330, start_date=20250417T173839, end_date=20250417T173840
[2025-04-17T17:38:40.870+0000] {local_task_job_runner.py:266} INFO - Task exited with return code 0
[2025-04-17T17:38:40.886+0000] {taskinstance.py:3900} INFO - 0 downstream tasks scheduled from follow-on schedule check
[2025-04-17T17:38:40.887+0000] {local_task_job_runner.py:245} INFO - ::endgroup::
