[2025-04-17T17:40:34.106+0000] {local_task_job_runner.py:123} INFO - ::group::Pre task execution logs
[2025-04-17T17:40:34.121+0000] {taskinstance.py:2612} INFO - Dependencies all met for dep_context=non-requeueable deps ti=<TaskInstance: hw8_run_pinecone_search.search_technology manual__2025-04-17T17:40:33.224613+00:00 [queued]>
[2025-04-17T17:40:34.130+0000] {taskinstance.py:2612} INFO - Dependencies all met for dep_context=requeueable deps ti=<TaskInstance: hw8_run_pinecone_search.search_technology manual__2025-04-17T17:40:33.224613+00:00 [queued]>
[2025-04-17T17:40:34.131+0000] {taskinstance.py:2865} INFO - Starting attempt 1 of 2
[2025-04-17T17:40:34.149+0000] {taskinstance.py:2888} INFO - Executing <Task(PythonOperator): search_technology> on 2025-04-17 17:40:33.224613+00:00
[2025-04-17T17:40:34.165+0000] {logging_mixin.py:190} WARNING - /home/***/.local/lib/python3.12/site-packages/***/task/task_runner/standard_task_runner.py:70 DeprecationWarning: This process (pid=2506) is multi-threaded, use of fork() may lead to deadlocks in the child.
[2025-04-17T17:40:34.176+0000] {standard_task_runner.py:72} INFO - Started process 2509 to run task
[2025-04-17T17:40:34.172+0000] {standard_task_runner.py:104} INFO - Running: ['***', 'tasks', 'run', 'hw8_run_pinecone_search', 'search_technology', 'manual__2025-04-17T17:40:33.224613+00:00', '--job-id', '14', '--raw', '--subdir', 'DAGS_FOLDER/hw8_4_run_search.py', '--cfg-path', '/tmp/tmpei9r_aoc']
[2025-04-17T17:40:34.178+0000] {standard_task_runner.py:105} INFO - Job 14: Subtask search_technology
[2025-04-17T17:40:34.316+0000] {task_command.py:467} INFO - Running <TaskInstance: hw8_run_pinecone_search.search_technology manual__2025-04-17T17:40:33.224613+00:00 [running]> on host 50576508c375
[2025-04-17T17:40:34.432+0000] {taskinstance.py:3131} INFO - Exporting env vars: AIRFLOW_CTX_DAG_OWNER='***' AIRFLOW_CTX_DAG_ID='hw8_run_pinecone_search' AIRFLOW_CTX_TASK_ID='search_technology' AIRFLOW_CTX_EXECUTION_DATE='2025-04-17T17:40:33.224613+00:00' AIRFLOW_CTX_TRY_NUMBER='1' AIRFLOW_CTX_DAG_RUN_ID='manual__2025-04-17T17:40:33.224613+00:00'
[2025-04-17T17:40:34.434+0000] {taskinstance.py:731} INFO - ::endgroup::
[2025-04-17T17:40:34.538+0000] {logging_mixin.py:190} INFO - Successfully imported pinecone package with new API
[2025-04-17T17:40:38.877+0000] {logging_mixin.py:190} INFO - Initializing Pinecone...
[2025-04-17T17:40:39.631+0000] {logging_mixin.py:190} INFO - Available indexes: [{
    "name": "sample-movies",
    "metric": "cosine",
    "host": "sample-movies-pd3ep9i.svc.aped-4627-b74a.pinecone.io",
    "spec": {
        "serverless": {
            "cloud": "aws",
            "region": "us-east-1"
        }
    },
    "status": {
        "ready": true,
        "state": "Ready"
    },
    "vector_type": "dense",
    "dimension": 1024,
    "deletion_protection": "disabled",
    "tags": null
}, {
    "name": "medium-articles-index",
    "metric": "cosine",
    "host": "medium-articles-index-pd3ep9i.svc.aped-4627-b74a.pinecone.io",
    "spec": {
        "serverless": {
            "cloud": "aws",
            "region": "us-east-1"
        }
    },
    "status": {
        "ready": true,
        "state": "Ready"
    },
    "vector_type": "dense",
    "dimension": 384,
    "deletion_protection": "disabled",
    "tags": null
}]
[2025-04-17T17:40:39.632+0000] {logging_mixin.py:190} INFO - Connecting to index: medium-articles-index
[2025-04-17T17:40:39.960+0000] {logging_mixin.py:190} INFO - Loading the sentence transformer model...
[2025-04-17T17:40:39.962+0000] {SentenceTransformer.py:211} INFO - Use pytorch device_name: cpu
[2025-04-17T17:40:39.962+0000] {SentenceTransformer.py:219} INFO - Load pretrained SentenceTransformer: all-MiniLM-L6-v2
[2025-04-17T17:40:43.520+0000] {logging_mixin.py:190} INFO - Generating embedding for query: 'artificial intelligence and ethics'
[2025-04-17T17:40:43.526+0000] {logging_mixin.py:190} WARNING - Batches:   0%|          | 0/1 [00:00<?, ?it/s]
[2025-04-17T17:40:43.642+0000] {logging_mixin.py:190} WARNING - Batches: 100%|##########| 1/1 [00:00<00:00,  8.66it/s]
[2025-04-17T17:40:43.642+0000] {logging_mixin.py:190} WARNING - Batches: 100%|##########| 1/1 [00:00<00:00,  8.62it/s]
[2025-04-17T17:40:43.643+0000] {logging_mixin.py:190} INFO - Searching Pinecone for: 'artificial intelligence and ethics'
[2025-04-17T17:40:44.712+0000] {logging_mixin.py:190} INFO - 
Search Results for 'artificial intelligence and ethics':
[2025-04-17T17:40:44.712+0000] {logging_mixin.py:190} INFO - ==================================================
[2025-04-17T17:40:44.712+0000] {logging_mixin.py:190} INFO - No results found.
[2025-04-17T17:40:44.721+0000] {python.py:240} INFO - Done. Returned value was: Completed search for 'artificial intelligence and ethics'
[2025-04-17T17:40:44.751+0000] {taskinstance.py:340} INFO - ::group::Post task execution logs
[2025-04-17T17:40:44.751+0000] {taskinstance.py:352} INFO - Marking task as SUCCESS. dag_id=hw8_run_pinecone_search, task_id=search_technology, run_id=manual__2025-04-17T17:40:33.224613+00:00, execution_date=20250417T174033, start_date=20250417T174034, end_date=20250417T174044
[2025-04-17T17:40:44.834+0000] {local_task_job_runner.py:266} INFO - Task exited with return code 0
[2025-04-17T17:40:44.849+0000] {taskinstance.py:3900} INFO - 0 downstream tasks scheduled from follow-on schedule check
[2025-04-17T17:40:44.851+0000] {local_task_job_runner.py:245} INFO - ::endgroup::
