[2025-04-17T17:11:45.529+0000] {local_task_job_runner.py:123} INFO - ::group::Pre task execution logs
[2025-04-17T17:11:45.543+0000] {taskinstance.py:2612} INFO - Dependencies all met for dep_context=non-requeueable deps ti=<TaskInstance: hw8_download_process_data.process_medium_data manual__2025-04-17T17:11:42+00:00 [queued]>
[2025-04-17T17:11:45.550+0000] {taskinstance.py:2612} INFO - Dependencies all met for dep_context=requeueable deps ti=<TaskInstance: hw8_download_process_data.process_medium_data manual__2025-04-17T17:11:42+00:00 [queued]>
[2025-04-17T17:11:45.550+0000] {taskinstance.py:2865} INFO - Starting attempt 1 of 2
[2025-04-17T17:11:45.560+0000] {taskinstance.py:2888} INFO - Executing <Task(PythonOperator): process_medium_data> on 2025-04-17 17:11:42+00:00
[2025-04-17T17:11:45.572+0000] {standard_task_runner.py:104} INFO - Running: ['***', 'tasks', 'run', 'hw8_download_process_data', 'process_medium_data', 'manual__2025-04-17T17:11:42+00:00', '--job-id', '3', '--raw', '--subdir', 'DAGS_FOLDER/hw8_1_download_data.py', '--cfg-path', '/tmp/tmpg4e6o_gx']
[2025-04-17T17:11:45.575+0000] {standard_task_runner.py:105} INFO - Job 3: Subtask process_medium_data
[2025-04-17T17:11:45.574+0000] {logging_mixin.py:190} WARNING - /home/***/.local/lib/python3.12/site-packages/***/task/task_runner/standard_task_runner.py:70 DeprecationWarning: This process (pid=469) is multi-threaded, use of fork() may lead to deadlocks in the child.
[2025-04-17T17:11:45.578+0000] {standard_task_runner.py:72} INFO - Started process 471 to run task
[2025-04-17T17:11:45.628+0000] {task_command.py:467} INFO - Running <TaskInstance: hw8_download_process_data.process_medium_data manual__2025-04-17T17:11:42+00:00 [running]> on host 50576508c375
[2025-04-17T17:11:45.694+0000] {taskinstance.py:3131} INFO - Exporting env vars: AIRFLOW_CTX_DAG_OWNER='***' AIRFLOW_CTX_DAG_ID='hw8_download_process_data' AIRFLOW_CTX_TASK_ID='process_medium_data' AIRFLOW_CTX_EXECUTION_DATE='2025-04-17T17:11:42+00:00' AIRFLOW_CTX_TRY_NUMBER='1' AIRFLOW_CTX_DAG_RUN_ID='manual__2025-04-17T17:11:42+00:00'
[2025-04-17T17:11:45.695+0000] {taskinstance.py:731} INFO - ::endgroup::
[2025-04-17T17:11:45.729+0000] {logging_mixin.py:190} INFO - Processed data saved to: /opt/***/dags/processed_medium_data.csv
[2025-04-17T17:11:45.733+0000] {logging_mixin.py:190} INFO - Preview of processed data: Empty DataFrame
Columns: [id, title, subtitle, metadata]
Index: []
[2025-04-17T17:11:45.734+0000] {python.py:240} INFO - Done. Returned value was: /opt/***/dags/processed_medium_data.csv
[2025-04-17T17:11:45.747+0000] {taskinstance.py:340} INFO - ::group::Post task execution logs
[2025-04-17T17:11:45.747+0000] {taskinstance.py:352} INFO - Marking task as SUCCESS. dag_id=hw8_download_process_data, task_id=process_medium_data, run_id=manual__2025-04-17T17:11:42+00:00, execution_date=20250417T171142, start_date=20250417T171145, end_date=20250417T171145
[2025-04-17T17:11:45.766+0000] {local_task_job_runner.py:266} INFO - Task exited with return code 0
[2025-04-17T17:11:45.777+0000] {taskinstance.py:3900} INFO - 0 downstream tasks scheduled from follow-on schedule check
[2025-04-17T17:11:45.778+0000] {local_task_job_runner.py:245} INFO - ::endgroup::
