[2025-04-17T17:39:50.703+0000] {local_task_job_runner.py:123} INFO - ::group::Pre task execution logs
[2025-04-17T17:39:50.713+0000] {taskinstance.py:2612} INFO - Dependencies all met for dep_context=non-requeueable deps ti=<TaskInstance: hw8_create_embeddings_ingest.generate_and_ingest_embeddings manual__2025-04-17T17:39:49.001377+00:00 [queued]>
[2025-04-17T17:39:50.716+0000] {taskinstance.py:2612} INFO - Dependencies all met for dep_context=requeueable deps ti=<TaskInstance: hw8_create_embeddings_ingest.generate_and_ingest_embeddings manual__2025-04-17T17:39:49.001377+00:00 [queued]>
[2025-04-17T17:39:50.717+0000] {taskinstance.py:2865} INFO - Starting attempt 1 of 2
[2025-04-17T17:39:50.722+0000] {taskinstance.py:2888} INFO - Executing <Task(PythonOperator): generate_and_ingest_embeddings> on 2025-04-17 17:39:49.001377+00:00
[2025-04-17T17:39:50.730+0000] {standard_task_runner.py:104} INFO - Running: ['***', 'tasks', 'run', 'hw8_create_embeddings_ingest', 'generate_and_ingest_embeddings', 'manual__2025-04-17T17:39:49.001377+00:00', '--job-id', '13', '--raw', '--subdir', 'DAGS_FOLDER/hw8_3_create_embeddings.py', '--cfg-path', '/tmp/tmpxw_aro75']
[2025-04-17T17:39:50.732+0000] {standard_task_runner.py:105} INFO - Job 13: Subtask generate_and_ingest_embeddings
[2025-04-17T17:39:50.731+0000] {logging_mixin.py:190} WARNING - /home/***/.local/lib/python3.12/site-packages/***/task/task_runner/standard_task_runner.py:70 DeprecationWarning: This process (pid=2436) is multi-threaded, use of fork() may lead to deadlocks in the child.
[2025-04-17T17:39:50.735+0000] {standard_task_runner.py:72} INFO - Started process 2438 to run task
[2025-04-17T17:39:50.786+0000] {task_command.py:467} INFO - Running <TaskInstance: hw8_create_embeddings_ingest.generate_and_ingest_embeddings manual__2025-04-17T17:39:49.001377+00:00 [running]> on host 50576508c375
[2025-04-17T17:39:50.845+0000] {taskinstance.py:3131} INFO - Exporting env vars: AIRFLOW_CTX_DAG_OWNER='***' AIRFLOW_CTX_DAG_ID='hw8_create_embeddings_ingest' AIRFLOW_CTX_TASK_ID='generate_and_ingest_embeddings' AIRFLOW_CTX_EXECUTION_DATE='2025-04-17T17:39:49.001377+00:00' AIRFLOW_CTX_TRY_NUMBER='1' AIRFLOW_CTX_DAG_RUN_ID='manual__2025-04-17T17:39:49.001377+00:00'
[2025-04-17T17:39:50.846+0000] {taskinstance.py:731} INFO - ::endgroup::
[2025-04-17T17:39:50.918+0000] {logging_mixin.py:190} INFO - Successfully imported pinecone package with new API
[2025-04-17T17:39:54.311+0000] {logging_mixin.py:190} INFO - Loaded processed data with 0 records
[2025-04-17T17:39:54.312+0000] {logging_mixin.py:190} INFO - Columns in dataframe: ['id', 'title', 'subtitle', 'metadata']
[2025-04-17T17:39:54.316+0000] {logging_mixin.py:190} INFO - Sample data: []
[2025-04-17T17:39:54.316+0000] {logging_mixin.py:190} INFO - Loading the sentence transformer model...
[2025-04-17T17:39:54.317+0000] {SentenceTransformer.py:211} INFO - Use pytorch device_name: cpu
[2025-04-17T17:39:54.317+0000] {SentenceTransformer.py:219} INFO - Load pretrained SentenceTransformer: all-MiniLM-L6-v2
[2025-04-17T17:39:59.346+0000] {logging_mixin.py:190} WARNING - Xet Storage is enabled for this repo, but the 'hf_xet' package is not installed. Falling back to regular HTTP download. For better performance, install the package with: `pip install huggingface_hub[hf_xet]` or `pip install hf_xet`
[2025-04-17T17:39:59.345+0000] {file_download.py:1670} WARNING - Xet Storage is enabled for this repo, but the 'hf_xet' package is not installed. Falling back to regular HTTP download. For better performance, install the package with: `pip install huggingface_hub[hf_xet]` or `pip install hf_xet`
[2025-04-17T17:40:11.868+0000] {logging_mixin.py:190} INFO - Initializing Pinecone...
[2025-04-17T17:40:11.876+0000] {logging_mixin.py:190} INFO - Connecting to index: medium-articles-index
[2025-04-17T17:40:12.661+0000] {logging_mixin.py:190} INFO - Processing 0 records in batches of 16
[2025-04-17T17:40:14.225+0000] {logging_mixin.py:190} INFO - Pinecone index stats after ingestion: {'dimension': 384,
 'index_fullness': 0.0,
 'metric': 'cosine',
 'namespaces': {},
 'total_vector_count': 0,
 'vector_type': 'dense'}
[2025-04-17T17:40:14.230+0000] {python.py:240} INFO - Done. Returned value was: Successfully ingested 0 records into Pinecone
[2025-04-17T17:40:14.257+0000] {taskinstance.py:340} INFO - ::group::Post task execution logs
[2025-04-17T17:40:14.258+0000] {taskinstance.py:352} INFO - Marking task as SUCCESS. dag_id=hw8_create_embeddings_ingest, task_id=generate_and_ingest_embeddings, run_id=manual__2025-04-17T17:39:49.001377+00:00, execution_date=20250417T173949, start_date=20250417T173950, end_date=20250417T174014
[2025-04-17T17:40:14.321+0000] {local_task_job_runner.py:266} INFO - Task exited with return code 0
[2025-04-17T17:40:14.344+0000] {taskinstance.py:3900} INFO - 0 downstream tasks scheduled from follow-on schedule check
[2025-04-17T17:40:14.345+0000] {local_task_job_runner.py:245} INFO - ::endgroup::
